Copyright 1986-2019 Xilinx, Inc. All Rights Reserved.
-----------------------------------------------------------------------------------------------------
| Tool Version : Vivado v.2019.2 (win64) Build 2708876 Wed Nov  6 21:40:23 MST 2019
| Date         : Mon Nov  7 10:58:17 2022
| Host         : RHIT-R90VM7XZ running 64-bit major release  (build 9200)
| Command      : report_control_sets -verbose -file PongGame2022fallTemplate_control_sets_placed.rpt
| Design       : PongGame2022fallTemplate
| Device       : xc7a100t
-----------------------------------------------------------------------------------------------------

Control Set Information

Table of Contents
-----------------
1. Summary
2. Histogram
3. Flip-Flop Distribution
4. Detailed Control Set Information

1. Summary
----------

+----------------------------------------------------------+-------+
|                          Status                          | Count |
+----------------------------------------------------------+-------+
| Total control sets                                       |     9 |
|    Minimum number of control sets                        |     9 |
|    Addition due to synthesis replication                 |     0 |
|    Addition due to physical synthesis replication        |     0 |
| Unused register locations in slices containing registers |    39 |
+----------------------------------------------------------+-------+
* Control sets can be merged at opt_design using control_set_merge or merge_equivalent_drivers
** Run report_qor_suggestions for automated merging and remapping suggestions


2. Histogram
------------

+--------------------+-------+
|       Fanout       | Count |
+--------------------+-------+
| Total control sets |     9 |
| >= 0 to < 4        |     1 |
| >= 4 to < 6        |     1 |
| >= 6 to < 8        |     1 |
| >= 8 to < 10       |     2 |
| >= 10 to < 12      |     2 |
| >= 12 to < 14      |     0 |
| >= 14 to < 16      |     0 |
| >= 16              |     2 |
+--------------------+-------+
* Control sets can be remapped at either synth_design or opt_design


3. Flip-Flop Distribution
-------------------------

+--------------+-----------------------+------------------------+-----------------+--------------+
| Clock Enable | Synchronous Set/Reset | Asynchronous Set/Reset | Total Registers | Total Slices |
+--------------+-----------------------+------------------------+-----------------+--------------+
| No           | No                    | No                     |               0 |            0 |
| No           | No                    | Yes                    |              26 |           12 |
| No           | Yes                   | No                     |               4 |            2 |
| Yes          | No                    | No                     |               0 |            0 |
| Yes          | No                    | Yes                    |              67 |           23 |
| Yes          | Yes                   | No                     |               0 |            0 |
+--------------+-----------------------+------------------------+-----------------+--------------+


4. Detailed Control Set Information
-----------------------------------

+------------------------------------------------+--------------------------------------------------------------+------------------+------------------+----------------+
|                  Clock Signal                  |                         Enable Signal                        | Set/Reset Signal | Slice Load Count | Bel Load Count |
+------------------------------------------------+--------------------------------------------------------------+------------------+------------------+----------------+
|  VGAdisplay/CRTclockUnit/pixelClockCounter/O66 |                                                              | Reset_IBUF       |                1 |              1 |
|  Clock_IBUF_BUFG                               | gameUnit/scoreCounter/incOneShot/E[0]                        | Reset_IBUF       |                2 |              5 |
|  Clock_IBUF_BUFG                               | VGAdisplay/vsyncModule/YPositionCounter/E[0]                 | Reset_IBUF       |                2 |              6 |
|  Clock_IBUF_BUFG                               | gameUnit/paddlePosition                                      | Reset_IBUF       |                2 |              8 |
|  Clock_IBUF_BUFG                               | gameUnit/scoreCounter/incOneShot/State_reg[0]_0[0]           | Reset_IBUF       |                4 |              9 |
|  Clock_IBUF_BUFG                               | VGAdisplay/vsyncModule/LineEndUnit/E[0]                      | Reset_IBUF       |                5 |             10 |
|  Clock_IBUF_BUFG                               | VGAdisplay/hsyncModule/PixelClockUnit/E[0]                   | Reset_IBUF       |                4 |             10 |
|  Clock_IBUF_BUFG                               | VGAdisplay/vsyncModule/YPositionCounter/count_value_reg[1]_0 | Reset_IBUF       |                4 |             19 |
|  Clock_IBUF_BUFG                               |                                                              | Reset_IBUF       |               13 |             29 |
+------------------------------------------------+--------------------------------------------------------------+------------------+------------------+----------------+


