#-----------------------------------------------------------
# Vivado v2019.2 (64-bit)
# SW Build 2708876 on Wed Nov  6 21:40:23 MST 2019
# IP Build 2700528 on Thu Nov  7 00:09:20 MST 2019
# Start of session at: Wed Nov  2 09:08:01 2022
# Process ID: 3268
# Current directory: C:/SeniorFallQuarter/AdvVerilog/VerilogPongGame/PongGame2022fallphase2_LJB_ICW
# Command line: vivado.exe -gui_launcher_event rodinguilauncherevent20176 C:\SeniorFallQuarter\AdvVerilog\VerilogPongGame\PongGame2022fallphase2_LJB_ICW\PongGame2022fallphase2_LJB_ICW.xpr
# Log file: C:/SeniorFallQuarter/AdvVerilog/VerilogPongGame/PongGame2022fallphase2_LJB_ICW/vivado.log
# Journal file: C:/SeniorFallQuarter/AdvVerilog/VerilogPongGame/PongGame2022fallphase2_LJB_ICW\vivado.jou
#-----------------------------------------------------------
start_gui
open_project C:/SeniorFallQuarter/AdvVerilog/VerilogPongGame/PongGame2022fallphase2_LJB_ICW/PongGame2022fallphase2_LJB_ICW.xpr
INFO: [Project 1-313] Project file moved from 'C:/SeniorFallQuarter/AdvVerilog/Projects/PongGame2022fallphase2_LJB_ICW' since last save.
Scanning sources...
Finished scanning sources
INFO: [IP_Flow 19-234] Refreshing IP repositories
INFO: [IP_Flow 19-1704] No user IP repositories specified
INFO: [IP_Flow 19-2313] Loaded Vivado IP repository 'C:/Xilinx/Vivado/2019.2/data/ip'.
update_compile_order -fileset sources_1
exit
INFO: [Common 17-206] Exiting Vivado at Wed Nov  2 09:08:19 2022...
